<?xml version="1.0" encoding="UTF-8"?>
<!-- Generated by org.testng.reporters.JUnitReportReporter -->
<testsuite hostname="DESKTOP-RFMK6TL" failures="0" tests="5" name="Test.HotelCheckingTest" time="39.994" errors="0" timestamp="2022-10-06T11:03:43 CDT" skipped="0">
  <testcase classname="Test.HotelCheckingTest" name="AllTest" time="16.524"/>
  <system-out/>
  <testcase classname="Test.HotelCheckingTest" name="CityTest" time="6.381"/>
  <system-out/>
  <testcase classname="Test.HotelCheckingTest" name="CalendarTest" time="5.334"/>
  <system-out/>
  <testcase classname="Test.HotelCheckingTest" name="RoomTest" time="5.405"/>
  <system-out/>
  <testcase classname="Test.HotelCheckingTest" name="PriceTest" time="6.350"/>
  <system-out/>
</testsuite> <!-- Test.HotelCheckingTest -->
